mode: set
fis.agh.edu.pl/kluczka_lab8/lab8.go:10.39,12.2 1 1
fis.agh.edu.pl/kluczka_lab8/lab8.go:14.51,16.53 2 1
fis.agh.edu.pl/kluczka_lab8/lab8.go:16.53,18.3 1 1
fis.agh.edu.pl/kluczka_lab8/lab8.go:21.43,22.38 1 1
fis.agh.edu.pl/kluczka_lab8/lab8.go:22.38,24.3 1 1
fis.agh.edu.pl/kluczka_lab8/lab8.go:24.8,24.28 1 1
fis.agh.edu.pl/kluczka_lab8/lab8.go:24.28,26.3 1 1
fis.agh.edu.pl/kluczka_lab8/lab8.go:26.8,28.3 1 1
fis.agh.edu.pl/kluczka_lab8/lab8.go:31.40,35.2 3 1
fis.agh.edu.pl/kluczka_lab8/lab8.go:37.26,40.29 3 1
fis.agh.edu.pl/kluczka_lab8/lab8.go:40.29,41.36 1 1
fis.agh.edu.pl/kluczka_lab8/lab8.go:41.36,43.4 1 1
fis.agh.edu.pl/kluczka_lab8/lab8.go:45.2,45.14 1 1
fis.agh.edu.pl/kluczka_lab8/lab8.go:48.26,51.23 3 1
fis.agh.edu.pl/kluczka_lab8/lab8.go:51.23,52.24 1 1
fis.agh.edu.pl/kluczka_lab8/lab8.go:52.24,54.4 1 1
fis.agh.edu.pl/kluczka_lab8/lab8.go:56.2,56.14 1 1
fis.agh.edu.pl/kluczka_lab8/lab8.go:59.26,61.23 2 1
fis.agh.edu.pl/kluczka_lab8/lab8.go:61.23,62.62 1 1
fis.agh.edu.pl/kluczka_lab8/lab8.go:62.62,64.4 1 1
fis.agh.edu.pl/kluczka_lab8/lab8.go:66.2,66.14 1 1
fis.agh.edu.pl/kluczka_lab8/lab8.go:69.37,72.23 3 1
fis.agh.edu.pl/kluczka_lab8/lab8.go:72.23,74.3 1 1
fis.agh.edu.pl/kluczka_lab8/lab8.go:76.2,76.23 1 1
fis.agh.edu.pl/kluczka_lab8/lab8.go:76.23,78.3 1 1
fis.agh.edu.pl/kluczka_lab8/lab8.go:79.2,79.20 1 1
fis.agh.edu.pl/kluczka_lab8/lab8.go:82.36,84.37 2 1
fis.agh.edu.pl/kluczka_lab8/lab8.go:84.37,85.31 1 1
fis.agh.edu.pl/kluczka_lab8/lab8.go:85.31,87.4 1 1
fis.agh.edu.pl/kluczka_lab8/lab8.go:89.2,89.13 1 1
fis.agh.edu.pl/kluczka_lab8/lab8.go:92.31,96.23 3 1
fis.agh.edu.pl/kluczka_lab8/lab8.go:96.23,97.29 1 1
fis.agh.edu.pl/kluczka_lab8/lab8.go:97.29,99.4 1 1
fis.agh.edu.pl/kluczka_lab8/lab8.go:101.2,102.20 2 1
